<?xml version="1.0" encoding="UTF-8"?>
<!-- Generated by org.testng.reporters.JUnitReportReporter -->
<testsuite hostname="DESKTOP-GBUNMI1" failures="0" tests="5" name="ElementTest" time="71.319" errors="0" timestamp="19 Dec 2022 23:50:00 GMT">
  <testcase classname="ElementTest" name="CompareProductPage" time="6.470"/>
  <testcase classname="ElementTest" name="CompareCategory" time="20.495"/>
  <testcase classname="ElementTest" name="LetsBuy" time="11.036"/>
  <testcase classname="ElementTest" name="Addtocart" time="6.018"/>
  <testcase classname="ElementTest" name="Info" time="27.300"/>
</testsuite> <!-- ElementTest -->
